[0.476s] Invoking command in '/home/yunus/ros2_ws/build/custom_messages_pkg': CMAKE_PREFIX_PATH=${CMAKE_PREFIX_PATH}:/home/yunus/ros2_ws/install/assignment1:/home/yunus/ros2_ws/install/a2:/opt/ros/foxy /usr/bin/cmake /home/yunus/ros2_ws/src/custom_messages_pkg -DCMAKE_INSTALL_PREFIX=/home/yunus/ros2_ws/install/custom_messages_pkg
[0.577s] -- The C compiler identification is GNU 9.4.0
[0.640s] -- The CXX compiler identification is GNU 9.4.0
[0.648s] -- Check for working C compiler: /usr/bin/cc
[0.717s] -- Check for working C compiler: /usr/bin/cc -- works
[0.719s] -- Detecting C compiler ABI info
[0.788s] -- Detecting C compiler ABI info - done
[0.802s] -- Detecting C compile features
[0.803s] -- Detecting C compile features - done
[0.806s] -- Check for working CXX compiler: /usr/bin/c++
[0.884s] -- Check for working CXX compiler: /usr/bin/c++ -- works
[0.885s] -- Detecting CXX compiler ABI info
[0.963s] -- Detecting CXX compiler ABI info - done
[0.976s] -- Detecting CXX compile features
[0.976s] -- Detecting CXX compile features - done
[0.986s] -- Found ament_cmake: 0.9.11 (/opt/ros/foxy/share/ament_cmake/cmake)
[1.031s] -- Found PythonInterp: /usr/bin/python3 (found suitable version "3.8.10", minimum required is "3") 
[1.031s] -- Using PYTHON_EXECUTABLE: /usr/bin/python3
[1.291s] -- Found ament_lint_auto: 0.9.7 (/opt/ros/foxy/share/ament_lint_auto/cmake)
[1.376s] -- Found geometry_msgs: 2.0.5 (/opt/ros/foxy/share/geometry_msgs/cmake)
[1.423s] -- Using all available rosidl_typesupport_c: rosidl_typesupport_fastrtps_c;rosidl_typesupport_introspection_c
[1.434s] -- Found rosidl_adapter: 1.3.0 (/opt/ros/foxy/share/rosidl_adapter/cmake)
[1.551s] -- Found OpenSSL: /usr/lib/x86_64-linux-gnu/libcrypto.so (found version "1.1.1f")  
[1.572s] -- Found FastRTPS: /opt/ros/foxy/include  
[1.656s] -- Using all available rosidl_typesupport_cpp: rosidl_typesupport_fastrtps_cpp;rosidl_typesupport_introspection_cpp
[1.761s] -- Found rosidl_default_generators: 1.0.1 (/opt/ros/foxy/share/rosidl_default_generators/cmake)
[1.813s] -- Found PythonInterp: /usr/bin/python3 (found version "3.8.10") 
[1.954s] CMake Error at /opt/ros/foxy/share/rosidl_adapter/cmake/rosidl_adapt_interfaces.cmake:60 (message):
[1.954s]   execute_process(/usr/bin/python3 -m rosidl_adapter --package-name
[1.954s]   custom_messages_pkg --arguments-file
[1.954s]   /home/yunus/ros2_ws/build/custom_messages_pkg/rosidl_adapter__arguments__custom_messages_pkg.json
[1.954s]   --output-dir
[1.954s]   /home/yunus/ros2_ws/build/custom_messages_pkg/rosidl_adapter/custom_messages_pkg
[1.954s]   --output-file
[1.954s]   /home/yunus/ros2_ws/build/custom_messages_pkg/rosidl_adapter/custom_messages_pkg.idls)
[1.955s]   returned error code 1:
[1.955s] 
[1.955s]   Error processing 'float64 [] commands' of
[1.955s]   'custom_messages_pkg/CustomControl': ''[]' is an invalid field name.  It
[1.955s]   should have the pattern '^(?!.*__)(?!.*_$)[a-z][a-z0-9_]*$''
[1.955s] 
[1.955s]   Traceback (most recent call last):
[1.955s] 
[1.955s]     File "/usr/lib/python3.8/runpy.py", line 194, in _run_module_as_main
[1.955s]       return _run_code(code, main_globals, None,
[1.956s]     File "/usr/lib/python3.8/runpy.py", line 87, in _run_code
[1.956s]       exec(code, run_globals)
[1.956s]     File "/opt/ros/foxy/lib/python3.8/site-packages/rosidl_adapter/__main__.py", line 19, in <module>
[1.956s]       sys.exit(main())
[1.956s]     File "/opt/ros/foxy/lib/python3.8/site-packages/rosidl_adapter/main.py", line 53, in main
[1.956s]       abs_idl_file = convert_to_idl(
[1.956s]     File "/opt/ros/foxy/lib/python3.8/site-packages/rosidl_adapter/__init__.py", line 19, in convert_to_idl
[1.956s]       return convert_msg_to_idl(
[1.956s]     File "/opt/ros/foxy/lib/python3.8/site-packages/rosidl_adapter/msg/__init__.py", line 28, in convert_msg_to_idl
[1.956s]       msg = parse_message_string(package_name, input_file.stem, content)
[1.956s]     File "/opt/ros/foxy/lib/python3.8/site-packages/rosidl_adapter/parser.py", line 515, in parse_message_string
[1.957s]       fields.append(Field(
[1.957s]     File "/opt/ros/foxy/lib/python3.8/site-packages/rosidl_adapter/parser.py", line 353, in __init__
[1.957s]       raise NameError(
[1.957s] 
[1.957s]   NameError: '[]' is an invalid field name.  It should have the pattern
[1.957s]   '^(?!.*__)(?!.*_$)[a-z][a-z0-9_]*$'
[1.957s] 
[1.957s]   Error in sys.excepthook:
[1.957s] 
[1.957s]   Traceback (most recent call last):
[1.957s] 
[1.957s]     File "/usr/lib/python3/dist-packages/apport_python_hook.py", line 72, in apport_excepthook
[1.957s]       from apport.fileutils import likely_packaged, get_recent_crashes
[1.957s]     File "/usr/lib/python3/dist-packages/apport/__init__.py", line 5, in <module>
[1.957s]       from apport.report import Report
[1.957s]     File "/usr/lib/python3/dist-packages/apport/report.py", line 32, in <module>
[1.958s]       import apport.fileutils
[1.958s]     File "/usr/lib/python3/dist-packages/apport/fileutils.py", line 12, in <module>
[1.958s]       import os, glob, subprocess, os.path, time, pwd, sys, requests_unixsocket
[1.958s]     File "/usr/lib/python3/dist-packages/requests_unixsocket/__init__.py", line 1, in <module>
[1.958s]       import requests
[1.958s]     File "/usr/lib/python3/dist-packages/requests/__init__.py", line 95, in <module>
[1.958s]       from urllib3.contrib import pyopenssl
[1.958s]     File "/usr/lib/python3/dist-packages/urllib3/contrib/pyopenssl.py", line 46, in <module>
[1.958s]       import OpenSSL.SSL
[1.958s]     File "/usr/lib/python3/dist-packages/OpenSSL/__init__.py", line 8, in <module>
[1.958s]       from OpenSSL import crypto, SSL
[1.958s]     File "/usr/lib/python3/dist-packages/OpenSSL/crypto.py", line 1553, in <module>
[1.958s]       class X509StoreFlags(object):
[1.958s]     File "/usr/lib/python3/dist-packages/OpenSSL/crypto.py", line 1573, in X509StoreFlags
[1.959s]       CB_ISSUER_CHECK = _lib.X509_V_FLAG_CB_ISSUER_CHECK
[1.959s] 
[1.959s]   AttributeError: module 'lib' has no attribute 'X509_V_FLAG_CB_ISSUER_CHECK'
[1.959s] 
[1.959s]   
[1.959s] 
[1.959s]   Original exception was:
[1.959s] 
[1.959s]   Traceback (most recent call last):
[1.959s] 
[1.959s]     File "/usr/lib/python3.8/runpy.py", line 194, in _run_module_as_main
[1.959s]       return _run_code(code, main_globals, None,
[1.959s]     File "/usr/lib/python3.8/runpy.py", line 87, in _run_code
[1.960s]       exec(code, run_globals)
[1.960s]     File "/opt/ros/foxy/lib/python3.8/site-packages/rosidl_adapter/__main__.py", line 19, in <module>
[1.960s]       sys.exit(main())
[1.960s]     File "/opt/ros/foxy/lib/python3.8/site-packages/rosidl_adapter/main.py", line 53, in main
[1.960s]       abs_idl_file = convert_to_idl(
[1.960s]     File "/opt/ros/foxy/lib/python3.8/site-packages/rosidl_adapter/__init__.py", line 19, in convert_to_idl
[1.960s]       return convert_msg_to_idl(
[1.960s]     File "/opt/ros/foxy/lib/python3.8/site-packages/rosidl_adapter/msg/__init__.py", line 28, in convert_msg_to_idl
[1.960s]       msg = parse_message_string(package_name, input_file.stem, content)
[1.960s]     File "/opt/ros/foxy/lib/python3.8/site-packages/rosidl_adapter/parser.py", line 515, in parse_message_string
[1.960s]       fields.append(Field(
[1.960s]     File "/opt/ros/foxy/lib/python3.8/site-packages/rosidl_adapter/parser.py", line 353, in __init__
[1.961s]       raise NameError(
[1.961s] 
[1.961s]   NameError: '[]' is an invalid field name.  It should have the pattern
[1.961s]   '^(?!.*__)(?!.*_$)[a-z][a-z0-9_]*$'
[1.961s] 
[1.961s] Call Stack (most recent call first):
[1.961s]   /opt/ros/foxy/share/rosidl_cmake/cmake/rosidl_generate_interfaces.cmake:130 (rosidl_adapt_interfaces)
[1.961s]   CMakeLists.txt:38 (rosidl_generate_interfaces)
[1.961s] 
[1.961s] 
[1.961s] -- Configuring incomplete, errors occurred!
[1.961s] See also "/home/yunus/ros2_ws/build/custom_messages_pkg/CMakeFiles/CMakeOutput.log".
[1.963s] Invoked command in '/home/yunus/ros2_ws/build/custom_messages_pkg' returned '1': CMAKE_PREFIX_PATH=${CMAKE_PREFIX_PATH}:/home/yunus/ros2_ws/install/assignment1:/home/yunus/ros2_ws/install/a2:/opt/ros/foxy /usr/bin/cmake /home/yunus/ros2_ws/src/custom_messages_pkg -DCMAKE_INSTALL_PREFIX=/home/yunus/ros2_ws/install/custom_messages_pkg
